<?xml version="1.0" encoding="UTF-8"?>
<!-- Generated by org.testng.reporters.JUnitReportReporter -->
<testsuite hostname="MT-31196458H" failures="0" tests="1" name="Testcases.SearchAction_TC" time="6.147" errors="0" timestamp="17 Nov 2021 09:55:15 GMT">
  <testcase classname="Testcases.SearchAction_TC" name="Search" time="6.147"/>
</testsuite> <!-- Testcases.SearchAction_TC -->
