<?xml version="1.0" encoding="UTF-8"?>
<!-- Generated by org.testng.reporters.JUnitReportReporter -->
<testsuite hostname="MT-31196458H" failures="0" tests="1" name="Testcases.AllproductTab_TC" time="11.921" errors="0" timestamp="17 Nov 2021 09:55:15 GMT">
  <testcase classname="Testcases.AllproductTab_TC" name="AllTab" time="11.921"/>
</testsuite> <!-- Testcases.AllproductTab_TC -->
