<?xml version="1.0" encoding="UTF-8"?>
<!-- Generated by org.testng.reporters.JUnitReportReporter -->
<testsuite hostname="MT-31196458H" failures="0" tests="1" name="Testcases.AddGiftcard_TC" time="8.210" errors="0" timestamp="17 Nov 2021 09:55:15 GMT">
  <testcase classname="Testcases.AddGiftcard_TC" name="AddGift" time="8.210"/>
</testsuite> <!-- Testcases.AddGiftcard_TC -->
