<?xml version="1.0" encoding="UTF-8"?>
<!-- Generated by org.testng.reporters.JUnitReportReporter -->
<testsuite hostname="MT-31196458H" failures="0" tests="1" name="Testcases.Loginpage_TC" time="14.656" errors="0" timestamp="17 Nov 2021 09:55:15 GMT">
  <testcase classname="Testcases.Loginpage_TC" name="Loginpage" time="14.656"/>
</testsuite> <!-- Testcases.Loginpage_TC -->
