<?xml version="1.0" encoding="UTF-8"?>
<!-- Generated by org.testng.reporters.JUnitReportReporter -->
<testsuite skipped="0" hostname="MT-5CD122JR0C" name="com.comprehensive.testCases.Wishlistpage_TC" tests="1" failures="0" timestamp="2021-11-22T15:03:11 IST" time="23.887" errors="0">
  <testcase name="wishlist" time="23.887" classname="com.comprehensive.testCases.Wishlistpage_TC"/>
  <system-out/>
</testsuite> <!-- com.comprehensive.testCases.Wishlistpage_TC -->
