<?xml version="1.0" encoding="UTF-8"?>
<!-- Generated by org.testng.reporters.JUnitReportReporter -->
<testsuite hostname="MT-31196458H" failures="0" tests="1" name="Testcases.Hoveraction_TC" time="13.023" errors="0" timestamp="17 Nov 2021 09:55:15 GMT">
  <testcase classname="Testcases.Hoveraction_TC" name="Hover" time="13.023"/>
</testsuite> <!-- Testcases.Hoveraction_TC -->
