<?xml version="1.0" encoding="UTF-8"?>
<!-- Generated by org.testng.reporters.JUnitReportReporter -->
<testsuite skipped="0" hostname="MT-5CD122JR0C" name="com.comprehensive.testCases.AddGiftcard_TC" tests="1" failures="0" timestamp="2021-11-20T19:04:02 IST" time="13.552" errors="0">
  <testcase name="AddGift" time="13.552" classname="com.comprehensive.testCases.AddGiftcard_TC"/>
  <system-out/>
</testsuite> <!-- com.comprehensive.testCases.AddGiftcard_TC -->
