<?xml version="1.0" encoding="UTF-8"?>
<!-- Generated by org.testng.reporters.JUnitReportReporter -->
<testsuite skipped="0" hostname="MT-5CD122JR0C" name="com.comprehensive.testCases.Contactpage_TC" tests="1" failures="0" timestamp="2021-11-21T16:19:11 IST" time="17.956" errors="0">
  <testcase name="ContactPage" time="17.956" classname="com.comprehensive.testCases.Contactpage_TC"/>
  <system-out/>
</testsuite> <!-- com.comprehensive.testCases.Contactpage_TC -->
