<?xml version="1.0" encoding="UTF-8"?>
<!-- Generated by org.testng.reporters.JUnitReportReporter -->
<testsuite hostname="MT-31196458H" failures="0" tests="1" name="Testcases.HeaderLink_TC" time="9.861" errors="0" timestamp="17 Nov 2021 09:55:15 GMT">
  <testcase classname="Testcases.HeaderLink_TC" name="HeaderLinks" time="9.861"/>
</testsuite> <!-- Testcases.HeaderLink_TC -->
