<?xml version="1.0" encoding="UTF-8"?>
<!-- Generated by org.testng.reporters.JUnitReportReporter -->
<testsuite hostname="MT-31196458H" failures="0" tests="1" name="Testcases.CartCheckout_TC" time="17.996" errors="0" timestamp="17 Nov 2021 09:55:15 GMT">
  <testcase classname="Testcases.CartCheckout_TC" name="cartcheckout" time="17.996"/>
</testsuite> <!-- Testcases.CartCheckout_TC -->
