<?xml version="1.0" encoding="UTF-8"?>
<!-- Generated by org.testng.reporters.JUnitReportReporter -->
<testsuite skipped="0" hostname="MT-5CD122JR0C" name="com.comprehensive.testCases.FeedBack" tests="1" failures="0" timestamp="2021-11-22T15:03:11 IST" time="20.631" errors="0">
  <testcase name="ContactPage" time="20.631" classname="com.comprehensive.testCases.FeedBack"/>
  <system-out/>
</testsuite> <!-- com.comprehensive.testCases.FeedBack -->
