<?xml version="1.0" encoding="UTF-8"?>
<!-- Generated by org.testng.reporters.JUnitReportReporter -->
<testsuite hostname="MT-31196458H" failures="0" tests="1" name="Testcases.Homepage_TC" time="3.511" errors="0" timestamp="17 Nov 2021 09:55:15 GMT">
  <testcase classname="Testcases.Homepage_TC" name="Homepage" time="3.511"/>
</testsuite> <!-- Testcases.Homepage_TC -->
